<?xml version="1.0" encoding="UTF-8" ?>
<testsuite failures="0" time="1.182" errors="0" skipped="0" tests="1" name="yanitime4u.yanitime.api.service.UserControllerTest">
  <properties>
    <property name="java.runtime.name" value="Java(TM) SE Runtime Environment"/>
    <property name="sun.boot.library.path" value="/System/Library/Java/JavaVirtualMachines/1.6.0.jdk/Contents/Libraries"/>
    <property name="java.vm.version" value="20.4-b02-402"/>
    <property name="awt.nativeDoubleBuffering" value="true"/>
    <property name="gopherProxySet" value="false"/>
    <property name="mrj.build" value="11M3527"/>
    <property name="java.vm.vendor" value="Apple Inc."/>
    <property name="java.vendor.url" value="http://www.apple.com/"/>
    <property name="path.separator" value=":"/>
    <property name="java.vm.name" value="Java HotSpot(TM) 64-Bit Server VM"/>
    <property name="file.encoding.pkg" value="sun.io"/>
    <property name="user.country" value="JP"/>
    <property name="sun.java.launcher" value="SUN_STANDARD"/>
    <property name="sun.os.patch.level" value="unknown"/>
    <property name="java.vm.specification.name" value="Java Virtual Machine Specification"/>
    <property name="user.dir" value="/Users/maruo33/Documents/projects/YanitimeOnGAE"/>
    <property name="java.runtime.version" value="1.6.0_29-b11-402-11M3527"/>
    <property name="java.awt.graphicsenv" value="apple.awt.CGraphicsEnvironment"/>
    <property name="basedir" value="/Users/maruo33/Documents/projects/YanitimeOnGAE"/>
    <property name="java.endorsed.dirs" value="/System/Library/Java/JavaVirtualMachines/1.6.0.jdk/Contents/Home/lib/endorsed"/>
    <property name="os.arch" value="x86_64"/>
    <property name="surefire.real.class.path" value="/Users/maruo33/Documents/projects/YanitimeOnGAE/target/surefire/surefirebooter7681493757575854229.jar"/>
    <property name="java.io.tmpdir" value="/var/folders/f9/d8zn4r8x7cjg5nfrdpvqv6z80000gn/T/"/>
    <property name="line.separator" value="
"/>
    <property name="java.vm.specification.vendor" value="Sun Microsystems Inc."/>
    <property name="os.name" value="Mac OS X"/>
    <property name="sun.jnu.encoding" value="SJIS"/>
    <property name="java.library.path" value=".:/Library/Java/Extensions:/System/Library/Java/Extensions:/usr/lib/java"/>
    <property name="surefire.test.class.path" value="/Users/maruo33/Documents/projects/YanitimeOnGAE/target/test-classes:/Users/maruo33/Documents/projects/YanitimeOnGAE/src/main/webapp/WEB-INF/classes:/Users/maruo33/.m2/repository/com/google/appengine/appengine-api-1.0-sdk/1.5.5/appengine-api-1.0-sdk-1.5.5.jar:/Users/maruo33/.m2/repository/com/google/appengine/appengine-api-labs/1.5.5/appengine-api-labs-1.5.5.jar:/Users/maruo33/.m2/repository/com/google/appengine/appengine-api-stubs/1.5.5/appengine-api-stubs-1.5.5.jar:/Users/maruo33/.m2/repository/com/google/appengine/appengine-testing/1.5.5/appengine-testing-1.5.5.jar:/Users/maruo33/.m2/repository/org/slf4j/slf4j-jdk14/1.6.4/slf4j-jdk14-1.6.4.jar:/Users/maruo33/.m2/repository/org/slf4j/slf4j-api/1.6.4/slf4j-api-1.6.4.jar:/Users/maruo33/.m2/repository/junit/junit/4.10/junit-4.10.jar:/Users/maruo33/.m2/repository/org/hamcrest/hamcrest-core/1.1/hamcrest-core-1.1.jar:/Users/maruo33/.m2/repository/org/slim3/slim3/1.0.14/slim3-1.0.14.jar:/Users/maruo33/.m2/repository/org/slim3/slim3-gen/1.0.14/slim3-gen-1.0.14.jar:/Users/maruo33/.m2/repository/net/arnx/jsonic/1.2.7/jsonic-1.2.7.jar:/Users/maruo33/.m2/repository/javax/servlet/servlet-api/2.5/servlet-api-2.5.jar:/Users/maruo33/.m2/repository/org/eclipse/jetty/jetty-servlet-tester/7.0.0.M2/jetty-servlet-tester-7.0.0.M2.jar:/Users/maruo33/.m2/repository/org/eclipse/jetty/jetty-webapp/7.0.0.M2/jetty-webapp-7.0.0.M2.jar:/Users/maruo33/.m2/repository/org/eclipse/jetty/jetty-xml/7.0.0.M2/jetty-xml-7.0.0.M2.jar:/Users/maruo33/.m2/repository/org/eclipse/jetty/jetty-util/7.0.0.M2/jetty-util-7.0.0.M2.jar:/Users/maruo33/.m2/repository/org/eclipse/jetty/jetty-servlet/7.0.0.M2/jetty-servlet-7.0.0.M2.jar:/Users/maruo33/.m2/repository/org/eclipse/jetty/jetty-security/7.0.0.M2/jetty-security-7.0.0.M2.jar:/Users/maruo33/.m2/repository/org/eclipse/jetty/jetty-server/7.0.0.M2/jetty-server-7.0.0.M2.jar:/Users/maruo33/.m2/repository/org/eclipse/jetty/jetty-continuation/7.0.0.M2/jetty-continuation-7.0.0.M2.jar:/Users/maruo33/.m2/repository/org/eclipse/jetty/jetty-http/7.0.0.M2/jetty-http-7.0.0.M2.jar:/Users/maruo33/.m2/repository/org/eclipse/jetty/jetty-io/7.0.0.M2/jetty-io-7.0.0.M2.jar:"/>
    <property name="java.specification.name" value="Java Platform API Specification"/>
    <property name="java.class.version" value="50.0"/>
    <property name="sun.management.compiler" value="HotSpot 64-Bit Tiered Compilers"/>
    <property name="os.version" value="10.7.2"/>
    <property name="http.nonProxyHosts" value="local|*.local|169.254/16|*.169.254/16"/>
    <property name="user.home" value="/Users/maruo33"/>
    <property name="user.timezone" value="Asia/Tokyo"/>
    <property name="java.awt.printerjob" value="apple.awt.CPrinterJob"/>
    <property name="java.specification.version" value="1.6"/>
    <property name="file.encoding" value="SJIS"/>
    <property name="user.name" value="maruo33"/>
    <property name="java.class.path" value="/Users/maruo33/Documents/projects/YanitimeOnGAE/target/test-classes:/Users/maruo33/Documents/projects/YanitimeOnGAE/src/main/webapp/WEB-INF/classes:/Users/maruo33/.m2/repository/com/google/appengine/appengine-api-1.0-sdk/1.5.5/appengine-api-1.0-sdk-1.5.5.jar:/Users/maruo33/.m2/repository/com/google/appengine/appengine-api-labs/1.5.5/appengine-api-labs-1.5.5.jar:/Users/maruo33/.m2/repository/com/google/appengine/appengine-api-stubs/1.5.5/appengine-api-stubs-1.5.5.jar:/Users/maruo33/.m2/repository/com/google/appengine/appengine-testing/1.5.5/appengine-testing-1.5.5.jar:/Users/maruo33/.m2/repository/org/slf4j/slf4j-jdk14/1.6.4/slf4j-jdk14-1.6.4.jar:/Users/maruo33/.m2/repository/org/slf4j/slf4j-api/1.6.4/slf4j-api-1.6.4.jar:/Users/maruo33/.m2/repository/junit/junit/4.10/junit-4.10.jar:/Users/maruo33/.m2/repository/org/hamcrest/hamcrest-core/1.1/hamcrest-core-1.1.jar:/Users/maruo33/.m2/repository/org/slim3/slim3/1.0.14/slim3-1.0.14.jar:/Users/maruo33/.m2/repository/org/slim3/slim3-gen/1.0.14/slim3-gen-1.0.14.jar:/Users/maruo33/.m2/repository/net/arnx/jsonic/1.2.7/jsonic-1.2.7.jar:/Users/maruo33/.m2/repository/javax/servlet/servlet-api/2.5/servlet-api-2.5.jar:/Users/maruo33/.m2/repository/org/eclipse/jetty/jetty-servlet-tester/7.0.0.M2/jetty-servlet-tester-7.0.0.M2.jar:/Users/maruo33/.m2/repository/org/eclipse/jetty/jetty-webapp/7.0.0.M2/jetty-webapp-7.0.0.M2.jar:/Users/maruo33/.m2/repository/org/eclipse/jetty/jetty-xml/7.0.0.M2/jetty-xml-7.0.0.M2.jar:/Users/maruo33/.m2/repository/org/eclipse/jetty/jetty-util/7.0.0.M2/jetty-util-7.0.0.M2.jar:/Users/maruo33/.m2/repository/org/eclipse/jetty/jetty-servlet/7.0.0.M2/jetty-servlet-7.0.0.M2.jar:/Users/maruo33/.m2/repository/org/eclipse/jetty/jetty-security/7.0.0.M2/jetty-security-7.0.0.M2.jar:/Users/maruo33/.m2/repository/org/eclipse/jetty/jetty-server/7.0.0.M2/jetty-server-7.0.0.M2.jar:/Users/maruo33/.m2/repository/org/eclipse/jetty/jetty-continuation/7.0.0.M2/jetty-continuation-7.0.0.M2.jar:/Users/maruo33/.m2/repository/org/eclipse/jetty/jetty-http/7.0.0.M2/jetty-http-7.0.0.M2.jar:/Users/maruo33/.m2/repository/org/eclipse/jetty/jetty-io/7.0.0.M2/jetty-io-7.0.0.M2.jar:"/>
    <property name="java.vm.specification.version" value="1.0"/>
    <property name="sun.arch.data.model" value="64"/>
    <property name="java.home" value="/System/Library/Java/JavaVirtualMachines/1.6.0.jdk/Contents/Home"/>
    <property name="sun.java.command" value="/Users/maruo33/Documents/projects/YanitimeOnGAE/target/surefire/surefirebooter7681493757575854229.jar /Users/maruo33/Documents/projects/YanitimeOnGAE/target/surefire/surefire1313022673456058677tmp /Users/maruo33/Documents/projects/YanitimeOnGAE/target/surefire/surefire678268899558520918tmp"/>
    <property name="java.specification.vendor" value="Sun Microsystems Inc."/>
    <property name="user.language" value="ja"/>
    <property name="awt.toolkit" value="apple.awt.CToolkit"/>
    <property name="java.vm.info" value="mixed mode"/>
    <property name="java.version" value="1.6.0_29"/>
    <property name="java.ext.dirs" value="/Library/Java/Extensions:/System/Library/Java/Extensions:/System/Library/Java/JavaVirtualMachines/1.6.0.jdk/Contents/Home/lib/ext"/>
    <property name="sun.boot.class.path" value="/System/Library/Java/JavaVirtualMachines/1.6.0.jdk/Contents/Classes/jsfd.jar:/System/Library/Java/JavaVirtualMachines/1.6.0.jdk/Contents/Classes/classes.jar:/System/Library/Frameworks/JavaVM.framework/Frameworks/JavaRuntimeSupport.framework/Resources/Java/JavaRuntimeSupport.jar:/System/Library/Java/JavaVirtualMachines/1.6.0.jdk/Contents/Classes/ui.jar:/System/Library/Java/JavaVirtualMachines/1.6.0.jdk/Contents/Classes/laf.jar:/System/Library/Java/JavaVirtualMachines/1.6.0.jdk/Contents/Classes/sunrsasign.jar:/System/Library/Java/JavaVirtualMachines/1.6.0.jdk/Contents/Classes/jsse.jar:/System/Library/Java/JavaVirtualMachines/1.6.0.jdk/Contents/Classes/jce.jar:/System/Library/Java/JavaVirtualMachines/1.6.0.jdk/Contents/Classes/charsets.jar"/>
    <property name="java.vendor" value="Apple Inc."/>
    <property name="localRepository" value="/Users/maruo33/.m2/repository"/>
    <property name="file.separator" value="/"/>
    <property name="java.vendor.url.bug" value="http://bugreport.apple.com/"/>
    <property name="sun.cpu.endian" value="little"/>
    <property name="sun.io.unicode.encoding" value="UnicodeLittle"/>
    <property name="mrj.version" value="1070.1.6.0_29-402"/>
    <property name="socksNonProxyHosts" value="local|*.local|169.254/16|*.169.254/16"/>
    <property name="ftp.nonProxyHosts" value="local|*.local|169.254/16|*.169.254/16"/>
    <property name="sun.cpu.isalist" value=""/>
  </properties>
  <testcase time="1.164" classname="yanitime4u.yanitime.api.service.UserControllerTest" name="testFind01"/>
</testsuite>